Release 14.4 - xst P.49d (nt64)
Copyright (c) 1995-2012 Xilinx, Inc.  All rights reserved.
--> Parameter TMPDIR set to xst/projnav.tmp


Total REAL time to Xst completion: 0.00 secs
Total CPU time to Xst completion: 0.14 secs
 
--> Parameter xsthdpdir set to xst


Total REAL time to Xst completion: 0.00 secs
Total CPU time to Xst completion: 0.14 secs
 
--> Reading design: counter.prj

TABLE OF CONTENTS
  1) Synthesis Options Summary
  2) HDL Compilation
  3) Design Hierarchy Analysis
  4) HDL Analysis
  5) HDL Synthesis
     5.1) HDL Synthesis Report
  6) Advanced HDL Synthesis
     6.1) Advanced HDL Synthesis Report
  7) Low Level Synthesis
  8) Partition Report
  9) Final Report
	9.1) Device utilization summary
	9.2) Partition Resource Summary
	9.3) TIMING REPORT


=========================================================================
*                      Synthesis Options Summary                        *
=========================================================================
---- Source Parameters
Input File Name                    : "counter.prj"
Input Format                       : mixed
Ignore Synthesis Constraint File   : NO

---- Target Parameters
Output File Name                   : "counter"
Output Format                      : NGC
Target Device                      : xc3s100e-5-cp132

---- Source Options
Top Module Name                    : counter
Automatic FSM Extraction           : YES
FSM Encoding Algorithm             : Auto
Safe Implementation                : No
FSM Style                          : LUT
RAM Extraction                     : Yes
RAM Style                          : Auto
ROM Extraction                     : Yes
Mux Style                          : Auto
Decoder Extraction                 : YES
Priority Encoder Extraction        : Yes
Shift Register Extraction          : YES
Logical Shifter Extraction         : YES
XOR Collapsing                     : YES
ROM Style                          : Auto
Mux Extraction                     : Yes
Resource Sharing                   : YES
Asynchronous To Synchronous        : NO
Multiplier Style                   : Auto
Automatic Register Balancing       : No

---- Target Options
Add IO Buffers                     : YES
Global Maximum Fanout              : 500
Add Generic Clock Buffer(BUFG)     : 24
Register Duplication               : YES
Slice Packing                      : YES
Optimize Instantiated Primitives   : NO
Use Clock Enable                   : Yes
Use Synchronous Set                : Yes
Use Synchronous Reset              : Yes
Pack IO Registers into IOBs        : Auto
Equivalent register Removal        : YES

---- General Options
Optimization Goal                  : Speed
Optimization Effort                : 1
Keep Hierarchy                     : No
Netlist Hierarchy                  : As_Optimized
RTL Output                         : Yes
Global Optimization                : AllClockNets
Read Cores                         : YES
Write Timing Constraints           : NO
Cross Clock Analysis               : NO
Hierarchy Separator                : /
Bus Delimiter                      : <>
Case Specifier                     : Maintain
Slice Utilization Ratio            : 100
BRAM Utilization Ratio             : 100
Verilog 2001                       : YES
Auto BRAM Packing                  : NO
Slice Utilization Ratio Delta      : 5

=========================================================================


=========================================================================
*                          HDL Compilation                              *
=========================================================================
Compiling verilog file "counter.v" in library work
Module <counter> compiled
No errors in compilation
Analysis of file <"counter.prj"> succeeded.
 

=========================================================================
*                     Design Hierarchy Analysis                         *
=========================================================================
Analyzing hierarchy for module <counter> in library <work>.


=========================================================================
*                            HDL Analysis                               *
=========================================================================
Analyzing top module <counter>.
Module <counter> is correct for synthesis.
 

=========================================================================
*                           HDL Synthesis                               *
=========================================================================

Performing bidirectional port resolution...

Synthesizing Unit <counter>.
    Related source file is "counter.v".
    Found 16x7-bit ROM for signal <count>.
    Found 4-bit up counter for signal <sel>.
    Found 1-bit register for signal <clk1>.
    Found 1-bit register for signal <clk2>.
    Found 4-bit up counter for signal <count1>.
    Found 4-bit comparator less for signal <count1$cmp_lt0000> created at line 70.
    Found 4-bit up counter for signal <count2>.
    Found 32-bit up counter for signal <i>.
    Found 32-bit up counter for signal <j>.
    Summary:
	inferred   1 ROM(s).
	inferred   5 Counter(s).
	inferred   2 D-type flip-flop(s).
	inferred   1 Comparator(s).
Unit <counter> synthesized.


=========================================================================
HDL Synthesis Report

Macro Statistics
# ROMs                                                 : 1
 16x7-bit ROM                                          : 1
# Counters                                             : 5
 32-bit up counter                                     : 2
 4-bit up counter                                      : 3
# Registers                                            : 2
 1-bit register                                        : 2
# Comparators                                          : 1
 4-bit comparator less                                 : 1

=========================================================================

=========================================================================
*                       Advanced HDL Synthesis                          *
=========================================================================


=========================================================================
Advanced HDL Synthesis Report

Macro Statistics
# ROMs                                                 : 1
 16x7-bit ROM                                          : 1
# Counters                                             : 5
 32-bit up counter                                     : 2
 4-bit up counter                                      : 3
# Registers                                            : 2
 Flip-Flops                                            : 2
# Comparators                                          : 1
 4-bit comparator less                                 : 1

=========================================================================

=========================================================================
*                         Low Level Synthesis                           *
=========================================================================

Optimizing unit <counter> ...

Mapping all equations...
Building and optimizing final netlist ...
Found area constraint ratio of 100 (+ 5) on block counter, actual ratio is 6.

Final Macro Processing ...

=========================================================================
Final Register Report

Macro Statistics
# Registers                                            : 78
 Flip-Flops                                            : 78

=========================================================================

=========================================================================
*                           Partition Report                            *
=========================================================================

Partition Implementation Status
-------------------------------

  No Partitions were found in this design.

-------------------------------

=========================================================================
*                            Final Report                               *
=========================================================================
Final Results
RTL Top Level Output File Name     : counter.ngr
Top Level Output File Name         : counter
Output Format                      : NGC
Optimization Goal                  : Speed
Keep Hierarchy                     : No

Design Statistics
# IOs                              : 12

Cell Usage :
# BELS                             : 259
#      GND                         : 1
#      INV                         : 7
#      LUT1                        : 62
#      LUT2                        : 3
#      LUT3                        : 3
#      LUT4                        : 36
#      MUXCY                       : 78
#      MUXF5                       : 4
#      VCC                         : 1
#      XORCY                       : 64
# FlipFlops/Latches                : 78
#      FDE                         : 6
#      FDR                         : 69
#      FDS                         : 3
# Clock Buffers                    : 1
#      BUFGP                       : 1
# IO Buffers                       : 11
#      OBUF                        : 11
=========================================================================

Device utilization summary:
---------------------------

Selected Device : 3s100ecp132-5 

 Number of Slices:                       55  out of    960     5%  
 Number of Slice Flip Flops:             78  out of   1920     4%  
 Number of 4 input LUTs:                111  out of   1920     5%  
 Number of IOs:                          12
 Number of bonded IOBs:                  12  out of     83    14%  
 Number of GCLKs:                         1  out of     24     4%  

---------------------------
Partition Resource Summary:
---------------------------

  No Partitions were found in this design.

---------------------------


=========================================================================
TIMING REPORT

NOTE: THESE TIMING NUMBERS ARE ONLY A SYNTHESIS ESTIMATE.
      FOR ACCURATE TIMING INFORMATION PLEASE REFER TO THE TRACE REPORT
      GENERATED AFTER PLACE-and-ROUTE.

Clock Information:
------------------
-----------------------------------+------------------------+-------+
Clock Signal                       | Clock buffer(FF name)  | Load  |
-----------------------------------+------------------------+-------+
clk                                | BUFGP                  | 66    |
clk1                               | NONE(count2_0)         | 8     |
clk2                               | NONE(sel_0)            | 4     |
-----------------------------------+------------------------+-------+
INFO:Xst:2169 - HDL ADVISOR - Some clock signals were not automatically buffered by XST with BUFG/BUFR resources. Please use the buffer_type constraint in order to insert these buffers to the clock signals to help prevent skew problems.

Asynchronous Control Signals Information:
----------------------------------------
No asynchronous control signals found in this design

Timing Summary:
---------------
Speed Grade: -5

   Minimum period: 4.528ns (Maximum Frequency: 220.868MHz)
   Minimum input arrival time before clock: No path found
   Maximum output required time after clock: 7.298ns
   Maximum combinational path delay: No path found

Timing Detail:
--------------
All values displayed in nanoseconds (ns)

=========================================================================
Timing constraint: Default period analysis for Clock 'clk'
  Clock period: 4.528ns (frequency: 220.868MHz)
  Total number of paths / destination ports: 3170 / 132
-------------------------------------------------------------------------
Delay:               4.528ns (Levels of Logic = 9)
  Source:            i_8 (FF)
  Destination:       i_0 (FF)
  Source Clock:      clk rising
  Destination Clock: clk rising

  Data Path: i_8 to i_0
                                Gate     Net
    Cell:in->out      fanout   Delay   Delay  Logical Name (Net Name)
    ----------------------------------------  ------------
     FDR:C->Q              2   0.514   0.532  i_8 (i_8)
     LUT4:I0->O            1   0.612   0.000  clk1_cmp_eq0000_wg_lut<0> (clk1_cmp_eq0000_wg_lut<0>)
     MUXCY:S->O            1   0.404   0.000  clk1_cmp_eq0000_wg_cy<0> (clk1_cmp_eq0000_wg_cy<0>)
     MUXCY:CI->O           1   0.052   0.000  clk1_cmp_eq0000_wg_cy<1> (clk1_cmp_eq0000_wg_cy<1>)
     MUXCY:CI->O           1   0.052   0.000  clk1_cmp_eq0000_wg_cy<2> (clk1_cmp_eq0000_wg_cy<2>)
     MUXCY:CI->O           1   0.052   0.000  clk1_cmp_eq0000_wg_cy<3> (clk1_cmp_eq0000_wg_cy<3>)
     MUXCY:CI->O           1   0.052   0.000  clk1_cmp_eq0000_wg_cy<4> (clk1_cmp_eq0000_wg_cy<4>)
     MUXCY:CI->O           1   0.052   0.000  clk1_cmp_eq0000_wg_cy<5> (clk1_cmp_eq0000_wg_cy<5>)
     MUXCY:CI->O           1   0.052   0.000  clk1_cmp_eq0000_wg_cy<6> (clk1_cmp_eq0000_wg_cy<6>)
     MUXCY:CI->O          33   0.289   1.073  clk1_cmp_eq0000_wg_cy<7> (clk1_cmp_eq0000)
     FDR:R                     0.795          i_0
    ----------------------------------------
    Total                      4.528ns (2.923ns logic, 1.605ns route)
                                       (64.5% logic, 35.5% route)

=========================================================================
Timing constraint: Default period analysis for Clock 'clk1'
  Clock period: 3.215ns (frequency: 311.003MHz)
  Total number of paths / destination ports: 52 / 16
-------------------------------------------------------------------------
Delay:               3.215ns (Levels of Logic = 1)
  Source:            count1_2 (FF)
  Destination:       count1_0 (FF)
  Source Clock:      clk1 rising
  Destination Clock: clk1 rising

  Data Path: count1_2 to count1_0
                                Gate     Net
    Cell:in->out      fanout   Delay   Delay  Logical Name (Net Name)
    ----------------------------------------  ------------
     FDR:C->Q              4   0.514   0.651  count1_2 (count1_2)
     LUT4:I0->O            8   0.612   0.643  count1_not00011 (count1_not0001)
     FDR:R                     0.795          count1_0
    ----------------------------------------
    Total                      3.215ns (1.921ns logic, 1.294ns route)
                                       (59.7% logic, 40.3% route)

=========================================================================
Timing constraint: Default period analysis for Clock 'clk2'
  Clock period: 3.389ns (frequency: 295.090MHz)
  Total number of paths / destination ports: 26 / 8
-------------------------------------------------------------------------
Delay:               3.389ns (Levels of Logic = 1)
  Source:            sel_2 (FF)
  Destination:       sel_0 (FF)
  Source Clock:      clk2 rising
  Destination Clock: clk2 rising

  Data Path: sel_2 to sel_0
                                Gate     Net
    Cell:in->out      fanout   Delay   Delay  Logical Name (Net Name)
    ----------------------------------------  ------------
     FDS:C->Q             12   0.514   0.969  sel_2 (sel_2)
     LUT4:I0->O            4   0.612   0.499  sel_cmp_eq00001 (sel_cmp_eq0000)
     FDS:S                     0.795          sel_0
    ----------------------------------------
    Total                      3.389ns (1.921ns logic, 1.468ns route)
                                       (56.7% logic, 43.3% route)

=========================================================================
Timing constraint: Default OFFSET OUT AFTER for Clock 'clk1'
  Total number of paths / destination ports: 56 / 7
-------------------------------------------------------------------------
Offset:              6.986ns (Levels of Logic = 4)
  Source:            count2_0 (FF)
  Destination:       count<1> (PAD)
  Source Clock:      clk1 rising

  Data Path: count2_0 to count<1>
                                Gate     Net
    Cell:in->out      fanout   Delay   Delay  Logical Name (Net Name)
    ----------------------------------------  ------------
     FDE:C->Q              5   0.514   0.690  count2_0 (count2_0)
     LUT4:I0->O            1   0.612   0.000  count3<0>2 (count3<0>2)
     MUXF5:I0->O           7   0.278   0.754  count3<0>_f5 (count3<0>)
     LUT4:I0->O            1   0.612   0.357  Mrom_count111 (count_1_OBUF)
     OBUF:I->O                 3.169          count_1_OBUF (count<1>)
    ----------------------------------------
    Total                      6.986ns (5.185ns logic, 1.801ns route)
                                       (74.2% logic, 25.8% route)

=========================================================================
Timing constraint: Default OFFSET OUT AFTER for Clock 'clk2'
  Total number of paths / destination ports: 200 / 11
-------------------------------------------------------------------------
Offset:              7.298ns (Levels of Logic = 4)
  Source:            sel_0 (FF)
  Destination:       count<6> (PAD)
  Source Clock:      clk2 rising

  Data Path: sel_0 to count<6>
                                Gate     Net
    Cell:in->out      fanout   Delay   Delay  Logical Name (Net Name)
    ----------------------------------------  ------------
     FDS:C->Q             14   0.514   1.002  sel_0 (sel_0)
     LUT4:I0->O            1   0.612   0.000  count3<3>1 (count3<3>1)
     MUXF5:I1->O           7   0.278   0.754  count3<3>_f5 (count3<3>)
     LUT4:I0->O            1   0.612   0.357  Mrom_count41 (count_4_OBUF)
     OBUF:I->O                 3.169          count_4_OBUF (count<4>)
    ----------------------------------------
    Total                      7.298ns (5.185ns logic, 2.113ns route)
                                       (71.0% logic, 29.0% route)

=========================================================================


Total REAL time to Xst completion: 8.00 secs
Total CPU time to Xst completion: 7.74 secs
 
--> 

Total memory usage is 245892 kilobytes

Number of errors   :    0 (   0 filtered)
Number of warnings :    0 (   0 filtered)
Number of infos    :    1 (   0 filtered)

